mode: set
C:\Users\danii\Desktop\hse-golang-2020-1\3\99_hw\coverage\client.go:67.80,71.19 2 1
C:\Users\danii\Desktop\hse-golang-2020-1\3\99_hw\coverage\client.go:74.2,74.20 1 1
C:\Users\danii\Desktop\hse-golang-2020-1\3\99_hw\coverage\client.go:77.2,77.20 1 1
C:\Users\danii\Desktop\hse-golang-2020-1\3\99_hw\coverage\client.go:82.2,93.16 10 1
C:\Users\danii\Desktop\hse-golang-2020-1\3\99_hw\coverage\client.go:99.2,102.25 3 1
C:\Users\danii\Desktop\hse-golang-2020-1\3\99_hw\coverage\client.go:119.2,121.16 3 1
C:\Users\danii\Desktop\hse-golang-2020-1\3\99_hw\coverage\client.go:125.2,130.28 4 1
C:\Users\danii\Desktop\hse-golang-2020-1\3\99_hw\coverage\client.go:137.2,137.21 1 1
C:\Users\danii\Desktop\hse-golang-2020-1\3\99_hw\coverage\client.go:71.19,73.3 1 1
C:\Users\danii\Desktop\hse-golang-2020-1\3\99_hw\coverage\client.go:74.20,76.3 1 1
C:\Users\danii\Desktop\hse-golang-2020-1\3\99_hw\coverage\client.go:77.20,79.3 1 1
C:\Users\danii\Desktop\hse-golang-2020-1\3\99_hw\coverage\client.go:93.16,94.54 1 1
C:\Users\danii\Desktop\hse-golang-2020-1\3\99_hw\coverage\client.go:97.3,97.50 1 0
C:\Users\danii\Desktop\hse-golang-2020-1\3\99_hw\coverage\client.go:94.54,96.4 1 1
C:\Users\danii\Desktop\hse-golang-2020-1\3\99_hw\coverage\client.go:103.31,104.44 1 1
C:\Users\danii\Desktop\hse-golang-2020-1\3\99_hw\coverage\client.go:105.38,106.53 1 1
C:\Users\danii\Desktop\hse-golang-2020-1\3\99_hw\coverage\client.go:107.29,110.17 3 1
C:\Users\danii\Desktop\hse-golang-2020-1\3\99_hw\coverage\client.go:113.3,113.44 1 1
C:\Users\danii\Desktop\hse-golang-2020-1\3\99_hw\coverage\client.go:116.3,116.73 1 1
C:\Users\danii\Desktop\hse-golang-2020-1\3\99_hw\coverage\client.go:110.17,112.4 1 0
C:\Users\danii\Desktop\hse-golang-2020-1\3\99_hw\coverage\client.go:113.44,115.4 1 1
C:\Users\danii\Desktop\hse-golang-2020-1\3\99_hw\coverage\client.go:121.16,123.3 1 0
C:\Users\danii\Desktop\hse-golang-2020-1\3\99_hw\coverage\client.go:130.28,133.3 2 1
C:\Users\danii\Desktop\hse-golang-2020-1\3\99_hw\coverage\client.go:133.8,135.3 1 1
C:\Users\danii\Desktop\hse-golang-2020-1\3\99_hw\coverage\server.go:20.58,23.2 2 1
C:\Users\danii\Desktop\hse-golang-2020-1\3\99_hw\coverage\server.go:25.54,34.47 8 1
C:\Users\danii\Desktop\hse-golang-2020-1\3\99_hw\coverage\server.go:38.2,38.107 1 1
C:\Users\danii\Desktop\hse-golang-2020-1\3\99_hw\coverage\server.go:47.2,47.41 1 1
C:\Users\danii\Desktop\hse-golang-2020-1\3\99_hw\coverage\server.go:56.2,57.35 2 1
C:\Users\danii\Desktop\hse-golang-2020-1\3\99_hw\coverage\server.go:63.2,63.48 1 1
C:\Users\danii\Desktop\hse-golang-2020-1\3\99_hw\coverage\server.go:86.2,86.38 1 1
C:\Users\danii\Desktop\hse-golang-2020-1\3\99_hw\coverage\server.go:95.2,96.79 2 1
C:\Users\danii\Desktop\hse-golang-2020-1\3\99_hw\coverage\server.go:99.2,100.36 2 1
C:\Users\danii\Desktop\hse-golang-2020-1\3\99_hw\coverage\server.go:34.47,37.3 2 1
C:\Users\danii\Desktop\hse-golang-2020-1\3\99_hw\coverage\server.go:38.107,46.3 5 1
C:\Users\danii\Desktop\hse-golang-2020-1\3\99_hw\coverage\server.go:47.41,55.3 5 1
C:\Users\danii\Desktop\hse-golang-2020-1\3\99_hw\coverage\server.go:57.35,58.94 1 1
C:\Users\danii\Desktop\hse-golang-2020-1\3\99_hw\coverage\server.go:58.94,60.4 1 1
C:\Users\danii\Desktop\hse-golang-2020-1\3\99_hw\coverage\server.go:63.48,64.24 1 1
C:\Users\danii\Desktop\hse-golang-2020-1\3\99_hw\coverage\server.go:64.24,66.56 1 1
C:\Users\danii\Desktop\hse-golang-2020-1\3\99_hw\coverage\server.go:66.56,68.5 1 1
C:\Users\danii\Desktop\hse-golang-2020-1\3\99_hw\coverage\server.go:68.10,68.37 1 1
C:\Users\danii\Desktop\hse-golang-2020-1\3\99_hw\coverage\server.go:68.37,70.5 1 1
C:\Users\danii\Desktop\hse-golang-2020-1\3\99_hw\coverage\server.go:70.10,72.5 1 1
C:\Users\danii\Desktop\hse-golang-2020-1\3\99_hw\coverage\server.go:73.9,73.30 1 1
C:\Users\danii\Desktop\hse-golang-2020-1\3\99_hw\coverage\server.go:73.30,75.32 1 1
C:\Users\danii\Desktop\hse-golang-2020-1\3\99_hw\coverage\server.go:75.32,77.5 1 1
C:\Users\danii\Desktop\hse-golang-2020-1\3\99_hw\coverage\server.go:77.10,77.37 1 1
C:\Users\danii\Desktop\hse-golang-2020-1\3\99_hw\coverage\server.go:77.37,79.5 1 1
C:\Users\danii\Desktop\hse-golang-2020-1\3\99_hw\coverage\server.go:79.10,81.5 1 1
C:\Users\danii\Desktop\hse-golang-2020-1\3\99_hw\coverage\server.go:82.9,84.4 1 1
C:\Users\danii\Desktop\hse-golang-2020-1\3\99_hw\coverage\server.go:86.38,94.3 5 1
C:\Users\danii\Desktop\hse-golang-2020-1\3\99_hw\coverage\server.go:96.79,98.3 1 1
C:\Users\danii\Desktop\hse-golang-2020-1\3\99_hw\coverage\server.go:118.69,122.32 3 1
C:\Users\danii\Desktop\hse-golang-2020-1\3\99_hw\coverage\server.go:132.2,133.17 2 1
C:\Users\danii\Desktop\hse-golang-2020-1\3\99_hw\coverage\server.go:122.32,130.3 1 1
C:\Users\danii\Desktop\hse-golang-2020-1\3\99_hw\coverage\server.go:136.20,138.2 1 1
