mode: set
C:\Users\danii\Desktop\hse-golang-2020-1\3\99_hw\coverage\client.go:67.80,71.19 2 1
C:\Users\danii\Desktop\hse-golang-2020-1\3\99_hw\coverage\client.go:74.2,74.20 1 1
C:\Users\danii\Desktop\hse-golang-2020-1\3\99_hw\coverage\client.go:77.2,77.20 1 1
C:\Users\danii\Desktop\hse-golang-2020-1\3\99_hw\coverage\client.go:82.2,93.16 10 1
C:\Users\danii\Desktop\hse-golang-2020-1\3\99_hw\coverage\client.go:99.2,102.25 3 1
C:\Users\danii\Desktop\hse-golang-2020-1\3\99_hw\coverage\client.go:119.2,121.16 3 1
C:\Users\danii\Desktop\hse-golang-2020-1\3\99_hw\coverage\client.go:125.2,126.28 2 1
C:\Users\danii\Desktop\hse-golang-2020-1\3\99_hw\coverage\client.go:133.2,133.21 1 1
C:\Users\danii\Desktop\hse-golang-2020-1\3\99_hw\coverage\client.go:71.19,73.3 1 1
C:\Users\danii\Desktop\hse-golang-2020-1\3\99_hw\coverage\client.go:74.20,76.3 1 1
C:\Users\danii\Desktop\hse-golang-2020-1\3\99_hw\coverage\client.go:77.20,79.3 1 1
C:\Users\danii\Desktop\hse-golang-2020-1\3\99_hw\coverage\client.go:93.16,94.54 1 1
C:\Users\danii\Desktop\hse-golang-2020-1\3\99_hw\coverage\client.go:97.3,97.50 1 1
C:\Users\danii\Desktop\hse-golang-2020-1\3\99_hw\coverage\client.go:94.54,96.4 1 1
C:\Users\danii\Desktop\hse-golang-2020-1\3\99_hw\coverage\client.go:103.31,104.44 1 1
C:\Users\danii\Desktop\hse-golang-2020-1\3\99_hw\coverage\client.go:105.38,106.53 1 1
C:\Users\danii\Desktop\hse-golang-2020-1\3\99_hw\coverage\client.go:107.29,110.17 3 1
C:\Users\danii\Desktop\hse-golang-2020-1\3\99_hw\coverage\client.go:113.3,113.44 1 1
C:\Users\danii\Desktop\hse-golang-2020-1\3\99_hw\coverage\client.go:116.3,116.73 1 1
C:\Users\danii\Desktop\hse-golang-2020-1\3\99_hw\coverage\client.go:110.17,112.4 1 1
C:\Users\danii\Desktop\hse-golang-2020-1\3\99_hw\coverage\client.go:113.44,115.4 1 1
C:\Users\danii\Desktop\hse-golang-2020-1\3\99_hw\coverage\client.go:121.16,123.3 1 1
C:\Users\danii\Desktop\hse-golang-2020-1\3\99_hw\coverage\client.go:126.28,129.3 2 1
C:\Users\danii\Desktop\hse-golang-2020-1\3\99_hw\coverage\client.go:129.8,131.3 1 1
C:\Users\danii\Desktop\hse-golang-2020-1\3\99_hw\coverage\server.go:22.62,24.2 1 1
C:\Users\danii\Desktop\hse-golang-2020-1\3\99_hw\coverage\server.go:26.67,29.2 2 1
C:\Users\danii\Desktop\hse-golang-2020-1\3\99_hw\coverage\server.go:31.61,33.2 1 1
C:\Users\danii\Desktop\hse-golang-2020-1\3\99_hw\coverage\server.go:35.58,38.2 2 1
C:\Users\danii\Desktop\hse-golang-2020-1\3\99_hw\coverage\server.go:40.54,49.16 8 1
C:\Users\danii\Desktop\hse-golang-2020-1\3\99_hw\coverage\server.go:53.2,53.47 1 1
C:\Users\danii\Desktop\hse-golang-2020-1\3\99_hw\coverage\server.go:57.2,57.107 1 1
C:\Users\danii\Desktop\hse-golang-2020-1\3\99_hw\coverage\server.go:66.2,66.41 1 1
C:\Users\danii\Desktop\hse-golang-2020-1\3\99_hw\coverage\server.go:75.2,76.35 2 1
C:\Users\danii\Desktop\hse-golang-2020-1\3\99_hw\coverage\server.go:82.2,82.48 1 1
C:\Users\danii\Desktop\hse-golang-2020-1\3\99_hw\coverage\server.go:106.2,107.79 2 1
C:\Users\danii\Desktop\hse-golang-2020-1\3\99_hw\coverage\server.go:110.2,111.36 2 1
C:\Users\danii\Desktop\hse-golang-2020-1\3\99_hw\coverage\server.go:49.16,52.3 2 1
C:\Users\danii\Desktop\hse-golang-2020-1\3\99_hw\coverage\server.go:53.47,56.3 2 1
C:\Users\danii\Desktop\hse-golang-2020-1\3\99_hw\coverage\server.go:57.107,65.3 5 1
C:\Users\danii\Desktop\hse-golang-2020-1\3\99_hw\coverage\server.go:66.41,74.3 5 1
C:\Users\danii\Desktop\hse-golang-2020-1\3\99_hw\coverage\server.go:76.35,77.94 1 1
C:\Users\danii\Desktop\hse-golang-2020-1\3\99_hw\coverage\server.go:77.94,79.4 1 1
C:\Users\danii\Desktop\hse-golang-2020-1\3\99_hw\coverage\server.go:82.48,83.24 1 1
C:\Users\danii\Desktop\hse-golang-2020-1\3\99_hw\coverage\server.go:83.24,85.56 1 1
C:\Users\danii\Desktop\hse-golang-2020-1\3\99_hw\coverage\server.go:85.56,87.5 1 1
C:\Users\danii\Desktop\hse-golang-2020-1\3\99_hw\coverage\server.go:87.10,87.37 1 1
C:\Users\danii\Desktop\hse-golang-2020-1\3\99_hw\coverage\server.go:87.37,89.5 1 1
C:\Users\danii\Desktop\hse-golang-2020-1\3\99_hw\coverage\server.go:89.10,91.5 1 1
C:\Users\danii\Desktop\hse-golang-2020-1\3\99_hw\coverage\server.go:92.9,92.30 1 1
C:\Users\danii\Desktop\hse-golang-2020-1\3\99_hw\coverage\server.go:92.30,94.32 1 1
C:\Users\danii\Desktop\hse-golang-2020-1\3\99_hw\coverage\server.go:94.32,96.5 1 1
C:\Users\danii\Desktop\hse-golang-2020-1\3\99_hw\coverage\server.go:96.10,96.37 1 1
C:\Users\danii\Desktop\hse-golang-2020-1\3\99_hw\coverage\server.go:96.37,98.5 1 1
C:\Users\danii\Desktop\hse-golang-2020-1\3\99_hw\coverage\server.go:98.10,100.5 1 1
C:\Users\danii\Desktop\hse-golang-2020-1\3\99_hw\coverage\server.go:101.9,103.4 1 1
C:\Users\danii\Desktop\hse-golang-2020-1\3\99_hw\coverage\server.go:107.79,109.3 1 1
C:\Users\danii\Desktop\hse-golang-2020-1\3\99_hw\coverage\server.go:129.69,132.16 2 1
C:\Users\danii\Desktop\hse-golang-2020-1\3\99_hw\coverage\server.go:137.2,138.32 2 1
C:\Users\danii\Desktop\hse-golang-2020-1\3\99_hw\coverage\server.go:148.2,149.17 2 1
C:\Users\danii\Desktop\hse-golang-2020-1\3\99_hw\coverage\server.go:132.16,134.3 1 1
C:\Users\danii\Desktop\hse-golang-2020-1\3\99_hw\coverage\server.go:134.8,136.3 1 1
C:\Users\danii\Desktop\hse-golang-2020-1\3\99_hw\coverage\server.go:138.32,146.3 1 1
C:\Users\danii\Desktop\hse-golang-2020-1\3\99_hw\coverage\server.go:152.20,154.2 1 1
